Using pre-set license
Built from '2020.3/release' branch; Version is '2020.3.1f1 (77a89f25062f) revision 7841951'; Using compiler version '192528614'; Build Type 'Release'
OS: 'Windows 10 Home Single Language; OS build 19042.985; Version 2009; 64bit' Language: 'pt' Physical Memory: 6081 MB
BatchMode: 1, IsHumanControllingUs: 0, StartBugReporterOnCrash: 0, Is64bit: 1, IsPro: 0

 COMMAND LINE ARGUMENTS:
C:\unityeditor\Editor\Unity.exe
-adb2
-batchMode
-noUpm
-name
AssetImportWorker0
-projectPath
C:/games/Minesweeper
-logFile
Logs/AssetImportWorker0.log
-srvPort
50680
Successfully changed project path to: C:/games/Minesweeper
C:/games/Minesweeper
Using Asset Import Pipeline V2.
Refreshing native plugins compatible for Editor in 51.00 ms, found 1 plugins.
Preloading 0 native plugins for Editor in 0.00 ms.
Initialize engine version: 2020.3.1f1 (77a89f25062f)
[Subsystems] Discovering subsystems at path C:/unityeditor/Editor/Data/Resources/UnitySubsystems
[Subsystems] Discovering subsystems at path C:/games/Minesweeper/Assets
GfxDevice: creating device client; threaded=0
Direct3D:
    Version:  Direct3D 11.0 [level 11.1]
    Renderer: AMD Radeon (TM) 625 (ID=0x6900)
    Vendor:   
    VRAM:     2038 MB
    Driver:   27.20.11030.11001
Initialize mono
Mono path[0] = 'C:/unityeditor/Editor/Data/Managed'
Mono path[1] = 'C:/unityeditor/Editor/Data/MonoBleedingEdge/lib/mono/unityjit'
Mono config path = 'C:/unityeditor/Editor/Data/MonoBleedingEdge/etc'
Using monoOptions --debugger-agent=transport=dt_socket,embedding=1,server=y,suspend=n,address=127.0.0.1:56408
Begin MonoManager ReloadAssembly
Registering precompiled unity dll's ...
Register platform support module: C:/unityeditor/Editor/Data/PlaybackEngines/WebGLSupport/UnityEditor.WebGL.Extensions.dll
Register platform support module: C:/unityeditor/Editor/Data/PlaybackEngines/WindowsStandaloneSupport/UnityEditor.WindowsStandalone.Extensions.dll
Registered in 0.009002 seconds.
Native extension for WindowsStandalone target not found
Native extension for WebGL target not found
Refreshing native plugins compatible for Editor in 53.95 ms, found 1 plugins.
Preloading 0 native plugins for Editor in 0.00 ms.
Invoked RoslynAnalysisRunner static constructor.
RoslynAnalysisRunner will not be running.
RoslynAnalysisRunner has terminated.
Mono: successfully reloaded assembly
- Completed reload, in  3.422 seconds
Platform modules already initialized, skipping
Registering precompiled user dll's ...
Registered in 0.002907 seconds.
Begin MonoManager ReloadAssembly
Native extension for WindowsStandalone target not found
Native extension for WebGL target not found
Refreshing native plugins compatible for Editor in 54.98 ms, found 1 plugins.
Preloading 0 native plugins for Editor in 0.00 ms.
Invoked RoslynAnalysisRunner static constructor.
RoslynAnalysisRunner will not be running.
RoslynAnalysisRunner has terminated.
Mono: successfully reloaded assembly
- Completed reload, in  1.674 seconds
Platform modules already initialized, skipping
========================================================================
Worker process is ready to serve import requests
Launched and connected shader compiler UnityShaderCompiler.exe after 0.08 seconds
Refreshing native plugins compatible for Editor in 0.46 ms, found 1 plugins.
Preloading 0 native plugins for Editor in 0.00 ms.
Unloading 1813 Unused Serialized files (Serialized files now loaded: 0)
System memory in use before: 84.8 MB.
System memory in use after: 84.7 MB.

Unloading 24 unused Assets to reduce memory usage. Loaded Objects now: 2256.
Total: 3.481400 ms (FindLiveObjects: 0.311800 ms CreateObjectMapping: 0.114700 ms MarkObjects: 2.867200 ms  DeleteObjects: 0.185100 ms)

========================================================================
Received Import Request.
  path: Assets/Scripts/Dig.cs
  artifactKey: Guid(e25318743f9a5704e92dc958c6452bf3) Importer(815301076,1909f56bfc062723c751e8b465ee728b)
Start importing Assets/Scripts/Dig.cs using Guid(e25318743f9a5704e92dc958c6452bf3) Importer(815301076,1909f56bfc062723c751e8b465ee728b)  -> (artifact id: '48660e19a480951da4ad31489d86ed77') in 0.040863 seconds
  Import took 0.046658 seconds .

========================================================================
Received Import Request.
  Time since last request: 78.823011 seconds.
  path: Assets/Scripts/Dig.cs
  artifactKey: Guid(e25318743f9a5704e92dc958c6452bf3) Importer(815301076,1909f56bfc062723c751e8b465ee728b)
Start importing Assets/Scripts/Dig.cs using Guid(e25318743f9a5704e92dc958c6452bf3) Importer(815301076,1909f56bfc062723c751e8b465ee728b)  -> (artifact id: '65950142ce4d05343639f0cf88ec235f') in 0.005748 seconds
  Import took 0.010212 seconds .

========================================================================
Received Prepare
Registering precompiled user dll's ...
Registered in 0.001504 seconds.
Begin MonoManager ReloadAssembly
Native extension for WindowsStandalone target not found
Native extension for WebGL target not found
Refreshing native plugins compatible for Editor in 0.45 ms, found 1 plugins.
Preloading 0 native plugins for Editor in 0.00 ms.
Invoked RoslynAnalysisRunner static constructor.
RoslynAnalysisRunner will not be running.
RoslynAnalysisRunner has terminated.
Mono: successfully reloaded assembly
- Completed reload, in  1.193 seconds
Platform modules already initialized, skipping
Switching build target platform(5) subTarget(0) extendedPlatform(0) -> platform(13) subTarget(537395200) extendedPlatform(0)
Refreshing native plugins compatible for Editor in 0.44 ms, found 1 plugins.
Preloading 0 native plugins for Editor in 0.00 ms.
Unloading 1811 Unused Serialized files (Serialized files now loaded: 0)
System memory in use before: 84.8 MB.
System memory in use after: 84.8 MB.

Unloading 12 unused Assets to reduce memory usage. Loaded Objects now: 2260.
Total: 3.219600 ms (FindLiveObjects: 0.256000 ms CreateObjectMapping: 0.057200 ms MarkObjects: 2.726400 ms  DeleteObjects: 0.177700 ms)

AssetImportParameters requested are different than current active one (requested -> active):
  custom:graphics/normal-map-encoding: 01000000000000000000000000000000 -> 02000000000000000000000000000000
========================================================================
Received Import Request.
  Time since last request: 1577.050986 seconds.
  path: Assets/Scripts/Dig.cs
  artifactKey: Guid(e25318743f9a5704e92dc958c6452bf3) Importer(815301076,1909f56bfc062723c751e8b465ee728b)
Start importing Assets/Scripts/Dig.cs using Guid(e25318743f9a5704e92dc958c6452bf3) Importer(815301076,1909f56bfc062723c751e8b465ee728b)  -> (artifact id: '76e5b9ceed07d042749009ae3548af55') in 0.011485 seconds
  Import took 0.016572 seconds .

========================================================================
Received Import Request.
  Time since last request: 64.716716 seconds.
  path: Assets/Scripts/MyGameManager.cs
  artifactKey: Guid(eecc2b0023831654bb773038d023d6bb) Importer(815301076,1909f56bfc062723c751e8b465ee728b)
Start importing Assets/Scripts/MyGameManager.cs using Guid(eecc2b0023831654bb773038d023d6bb) Importer(815301076,1909f56bfc062723c751e8b465ee728b)  -> (artifact id: '24bbaa4f86123ea963ad50bea4ad46fe') in 0.005321 seconds
  Import took 0.010060 seconds .

========================================================================
Received Import Request.
  Time since last request: 0.001383 seconds.
  path: Assets/Scripts/MyGameManager.cs
  artifactKey: Guid(eecc2b0023831654bb773038d023d6bb) Importer(815301076,1909f56bfc062723c751e8b465ee728b)
Start importing Assets/Scripts/MyGameManager.cs using Guid(eecc2b0023831654bb773038d023d6bb) Importer(815301076,1909f56bfc062723c751e8b465ee728b)  -> (artifact id: '24bbaa4f86123ea963ad50bea4ad46fe') in 0.003908 seconds
  Import took 0.008237 seconds .

========================================================================
Received Import Request.
  Time since last request: 151.347789 seconds.
  path: Assets/Scripts/MyGameManager.cs
  artifactKey: Guid(eecc2b0023831654bb773038d023d6bb) Importer(815301076,1909f56bfc062723c751e8b465ee728b)
Start importing Assets/Scripts/MyGameManager.cs using Guid(eecc2b0023831654bb773038d023d6bb) Importer(815301076,1909f56bfc062723c751e8b465ee728b)  -> (artifact id: 'ee08415970440f4fdd125ed7a411bfce') in 0.006492 seconds
  Import took 0.011451 seconds .

AssetImportWorkerClient::OnTransportError - code=2 error=End of file
